AwesomeNativeProject/android/app/build/intermediates/manifest_merge_blame_file/release/manifest-merger-blame-release-report.txt
1<?xml version="1.0" encoding="utf-8"?>
2<manifest xmlns:android="http://schemas.android.com/apk/res/android"
3    package="com.awesomenativeproject"
4    android:versionCode="1"
5    android:versionName="1.0" >
6
7    <uses-sdk
8        android:minSdkVersion="21"
8-->src\main\AndroidManifest.xml
9        android:targetSdkVersion="33" />
9-->src\main\AndroidManifest.xml
10
11    <uses-permission android:name="android.permission.INTERNET" />
11-->src\main\AndroidManifest.xml:3:5-67
11-->src\main\AndroidManifest.xml:3:22-64
12    <!-- Added permissions -->
13    <uses-permission android:name="android.permission.READ_EXTERNAL_STORAGE" />
13-->src\main\AndroidManifest.xml:5:1-76
13-->src\main\AndroidManifest.xml:5:18-73
14    <uses-permission android:name="android.permission.WRITE_EXTERNAL_STORAGE" />
14-->src\main\AndroidManifest.xml:6:1-77
14-->src\main\AndroidManifest.xml:6:18-74
15
16    <queries>
16-->[:expo-file-system] AndroidManifest.xml:12:5-18:15
17
18        <!-- Query open documents -->
19        <intent>
19-->[:expo-file-system] AndroidManifest.xml:15:9-17:18
20            <action android:name="android.intent.action.OPEN_DOCUMENT_TREE" />
20-->[:expo-file-system] AndroidManifest.xml:16:13-79
20-->[:expo-file-system] AndroidManifest.xml:16:21-76
21        </intent>
22        <intent>
22-->[:expo-sharing] AndroidManifest.xml:8:9-14:18
23
24            <!-- Required for file sharing if targeting API 30 -->
25            <action android:name="android.intent.action.SEND" />
25-->[:expo-sharing] AndroidManifest.xml:11:13-65
25-->[:expo-sharing] AndroidManifest.xml:11:21-62
26
27            <data android:mimeType="*/*" />
27-->[:expo-sharing] AndroidManifest.xml:13:13-44
27-->[:expo-sharing] AndroidManifest.xml:13:19-41
28        </intent>
29    </queries>
30
31    <uses-permission android:name="android.permission.ACCESS_COARSE_LOCATION" />
31-->[:expo-location] AndroidManifest.xml:7:5-81
31-->[:expo-location] AndroidManifest.xml:7:22-78
32    <uses-permission android:name="android.permission.ACCESS_FINE_LOCATION" />
32-->[:expo-location] AndroidManifest.xml:8:5-79
32-->[:expo-location] AndroidManifest.xml:8:22-76
33    <uses-permission android:name="android.permission.FOREGROUND_SERVICE" />
33-->[:expo-location] AndroidManifest.xml:9:5-77
33-->[:expo-location] AndroidManifest.xml:9:22-74
34    <uses-permission android:name="android.permission.ACCESS_NETWORK_STATE" />
34-->[com.google.android.exoplayer:exoplayer-core:2.18.1] AndroidManifest.xml:24:5-79
34-->[com.google.android.exoplayer:exoplayer-core:2.18.1] AndroidManifest.xml:24:22-76
35    <uses-permission android:name="com.google.android.finsky.permission.BIND_GET_INSTALL_REFERRER_SERVICE" />
35-->[com.android.installreferrer:installreferrer:1.0] AndroidManifest.xml:9:5-110
35-->[com.android.installreferrer:installreferrer:1.0] AndroidManifest.xml:9:22-107
36    <uses-permission android:name="com.google.android.providers.gsf.permission.READ_GSERVICES" />
36-->[io.nlopez.smartlocation:library:3.3.3] AndroidManifest.xml:15:5-98
36-->[io.nlopez.smartlocation:library:3.3.3] AndroidManifest.xml:15:22-95
37    <uses-permission android:name="com.google.android.gms.permission.ACTIVITY_RECOGNITION" />
37-->[io.nlopez.smartlocation:library:3.3.3] AndroidManifest.xml:16:5-94
37-->[io.nlopez.smartlocation:library:3.3.3] AndroidManifest.xml:16:22-91
38
39    <application
39-->src\main\AndroidManifest.xml:7:5-26:19
40        android:name="com.awesomenativeproject.MainApplication"
40-->src\main\AndroidManifest.xml:8:7-38
41        android:allowBackup="false"
41-->src\main\AndroidManifest.xml:12:7-34
42        android:appComponentFactory="androidx.core.app.CoreComponentFactory"
42-->[androidx.core:core:1.8.0] AndroidManifest.xml:24:18-86
43        android:icon="@mipmap/ic_launcher"
43-->src\main\AndroidManifest.xml:10:7-41
44        android:label="@string/app_name"
44-->src\main\AndroidManifest.xml:9:7-39
45        android:roundIcon="@mipmap/ic_launcher_round"
45-->src\main\AndroidManifest.xml:11:7-52
46        android:theme="@style/AppTheme" >
46-->src\main\AndroidManifest.xml:13:7-38
47        <activity
47-->src\main\AndroidManifest.xml:14:7-25:18
48            android:name="com.awesomenativeproject.MainActivity"
48-->src\main\AndroidManifest.xml:15:9-37
49            android:configChanges="keyboard|keyboardHidden|orientation|screenLayout|screenSize|smallestScreenSize|uiMode"
49-->src\main\AndroidManifest.xml:17:9-118
50            android:exported="true"
50-->src\main\AndroidManifest.xml:20:9-32
51            android:label="@string/app_name"
51-->src\main\AndroidManifest.xml:16:9-41
52            android:launchMode="singleTask"
52-->src\main\AndroidManifest.xml:18:9-40
53            android:windowSoftInputMode="adjustResize" >
53-->src\main\AndroidManifest.xml:19:9-51
54            <intent-filter>
54-->src\main\AndroidManifest.xml:21:9-24:25
55                <action android:name="android.intent.action.MAIN" />
55-->src\main\AndroidManifest.xml:22:13-65
55-->src\main\AndroidManifest.xml:22:21-62
56
57                <category android:name="android.intent.category.LAUNCHER" />
57-->src\main\AndroidManifest.xml:23:13-73
57-->src\main\AndroidManifest.xml:23:23-70
58            </intent-filter>
59        </activity>
60
61        <provider
61-->[:expo-file-system] AndroidManifest.xml:21:9-30:20
62            android:name="expo.modules.filesystem.FileSystemFileProvider"
62-->[:expo-file-system] AndroidManifest.xml:22:13-74
63            android:authorities="com.awesomenativeproject.FileSystemFileProvider"
63-->[:expo-file-system] AndroidManifest.xml:23:13-74
64            android:exported="false"
64-->[:expo-file-system] AndroidManifest.xml:24:13-37
65            android:grantUriPermissions="true" >
65-->[:expo-file-system] AndroidManifest.xml:25:13-47
66            <meta-data
66-->[:expo-file-system] AndroidManifest.xml:27:13-29:70
67                android:name="android.support.FILE_PROVIDER_PATHS"
67-->[:expo-file-system] AndroidManifest.xml:28:17-67
68                android:resource="@xml/file_system_provider_paths" />
68-->[:expo-file-system] AndroidManifest.xml:29:17-67
69        </provider>
70
71        <service
71-->[:expo-location] AndroidManifest.xml:12:9-15:56
72            android:name="expo.modules.location.services.LocationTaskService"
72-->[:expo-location] AndroidManifest.xml:13:13-78
73            android:exported="false"
73-->[:expo-location] AndroidManifest.xml:14:13-37
74            android:foregroundServiceType="location" />
74-->[:expo-location] AndroidManifest.xml:15:13-53
75
76        <provider
76-->[:expo-sharing] AndroidManifest.xml:18:9-26:20
77            android:name="expo.modules.sharing.SharingFileProvider"
77-->[:expo-sharing] AndroidManifest.xml:19:13-68
78            android:authorities="com.awesomenativeproject.SharingFileProvider"
78-->[:expo-sharing] AndroidManifest.xml:20:13-71
79            android:exported="false"
79-->[:expo-sharing] AndroidManifest.xml:21:13-37
80            android:grantUriPermissions="true" >
80-->[:expo-sharing] AndroidManifest.xml:22:13-47
81            <meta-data
81-->[:expo-file-system] AndroidManifest.xml:27:13-29:70
82                android:name="android.support.FILE_PROVIDER_PATHS"
82-->[:expo-file-system] AndroidManifest.xml:28:17-67
83                android:resource="@xml/sharing_provider_paths" />
83-->[:expo-file-system] AndroidManifest.xml:29:17-67
84        </provider>
85
86        <meta-data
86-->[:expo-modules-core] AndroidManifest.xml:9:9-11:89
87            android:name="org.unimodules.core.AppLoader#react-native-headless"
87-->[:expo-modules-core] AndroidManifest.xml:10:13-79
88            android:value="expo.modules.adapters.react.apploader.RNHeadlessAppLoader" />
88-->[:expo-modules-core] AndroidManifest.xml:11:13-86
89        <meta-data
89-->[:expo-modules-core] AndroidManifest.xml:12:9-15:45
90            android:name="com.facebook.soloader.enabled"
90-->[:expo-modules-core] AndroidManifest.xml:13:13-57
91            android:value="true" />
91-->[:expo-modules-core] AndroidManifest.xml:14:13-33
92
93        <activity
93-->[com.google.android.gms:play-services-base:18.0.1] AndroidManifest.xml:20:9-22:45
94            android:name="com.google.android.gms.common.api.GoogleApiActivity"
94-->[com.google.android.gms:play-services-base:18.0.1] AndroidManifest.xml:20:19-85
95            android:exported="false"
95-->[com.google.android.gms:play-services-base:18.0.1] AndroidManifest.xml:22:19-43
96            android:theme="@android:style/Theme.Translucent.NoTitleBar" />
96-->[com.google.android.gms:play-services-base:18.0.1] AndroidManifest.xml:21:19-78
97
98        <meta-data
98-->[com.google.android.gms:play-services-basement:18.0.0] AndroidManifest.xml:21:9-23:69
99            android:name="com.google.android.gms.version"
99-->[com.google.android.gms:play-services-basement:18.0.0] AndroidManifest.xml:22:13-58
100            android:value="@integer/google_play_services_version" />
100-->[com.google.android.gms:play-services-basement:18.0.0] AndroidManifest.xml:23:13-66
101
102        <provider
102-->[androidx.emoji2:emoji2:1.0.0] AndroidManifest.xml:26:9-34:20
103            android:name="androidx.startup.InitializationProvider"
103-->[androidx.emoji2:emoji2:1.0.0] AndroidManifest.xml:27:13-67
104            android:authorities="com.awesomenativeproject.androidx-startup"
104-->[androidx.emoji2:emoji2:1.0.0] AndroidManifest.xml:28:13-68
105            android:exported="false" >
105-->[androidx.emoji2:emoji2:1.0.0] AndroidManifest.xml:29:13-37
106            <meta-data
106-->[androidx.emoji2:emoji2:1.0.0] AndroidManifest.xml:31:13-33:52
107                android:name="androidx.emoji2.text.EmojiCompatInitializer"
107-->[androidx.emoji2:emoji2:1.0.0] AndroidManifest.xml:32:17-75
108                android:value="androidx.startup" />
108-->[androidx.emoji2:emoji2:1.0.0] AndroidManifest.xml:33:17-49
109            <meta-data
109-->[androidx.lifecycle:lifecycle-process:2.6.1] AndroidManifest.xml:29:13-31:52
110                android:name="androidx.lifecycle.ProcessLifecycleInitializer"
110-->[androidx.lifecycle:lifecycle-process:2.6.1] AndroidManifest.xml:30:17-78
111                android:value="androidx.startup" />
111-->[androidx.lifecycle:lifecycle-process:2.6.1] AndroidManifest.xml:31:17-49
112            <meta-data
112-->[androidx.profileinstaller:profileinstaller:1.3.0] AndroidManifest.xml:29:13-31:52
113                android:name="androidx.profileinstaller.ProfileInstallerInitializer"
113-->[androidx.profileinstaller:profileinstaller:1.3.0] AndroidManifest.xml:30:17-85
114                android:value="androidx.startup" />
114-->[androidx.profileinstaller:profileinstaller:1.3.0] AndroidManifest.xml:31:17-49
115        </provider>
116
117        <receiver
117-->[androidx.profileinstaller:profileinstaller:1.3.0] AndroidManifest.xml:34:9-52:20
118            android:name="androidx.profileinstaller.ProfileInstallReceiver"
118-->[androidx.profileinstaller:profileinstaller:1.3.0] AndroidManifest.xml:35:13-76
119            android:directBootAware="false"
119-->[androidx.profileinstaller:profileinstaller:1.3.0] AndroidManifest.xml:36:13-44
120            android:enabled="true"
120-->[androidx.profileinstaller:profileinstaller:1.3.0] AndroidManifest.xml:37:13-35
121            android:exported="true"
121-->[androidx.profileinstaller:profileinstaller:1.3.0] AndroidManifest.xml:38:13-36
122            android:permission="android.permission.DUMP" >
122-->[androidx.profileinstaller:profileinstaller:1.3.0] AndroidManifest.xml:39:13-57
123            <intent-filter>
123-->[androidx.profileinstaller:profileinstaller:1.3.0] AndroidManifest.xml:40:13-42:29
124                <action android:name="androidx.profileinstaller.action.INSTALL_PROFILE" />
124-->[androidx.profileinstaller:profileinstaller:1.3.0] AndroidManifest.xml:41:17-91
124-->[androidx.profileinstaller:profileinstaller:1.3.0] AndroidManifest.xml:41:25-88
125            </intent-filter>
126            <intent-filter>
126-->[androidx.profileinstaller:profileinstaller:1.3.0] AndroidManifest.xml:43:13-45:29
127                <action android:name="androidx.profileinstaller.action.SKIP_FILE" />
127-->[androidx.profileinstaller:profileinstaller:1.3.0] AndroidManifest.xml:44:17-85
127-->[androidx.profileinstaller:profileinstaller:1.3.0] AndroidManifest.xml:44:25-82
128            </intent-filter>
129            <intent-filter>
129-->[androidx.profileinstaller:profileinstaller:1.3.0] AndroidManifest.xml:46:13-48:29
130                <action android:name="androidx.profileinstaller.action.SAVE_PROFILE" />
130-->[androidx.profileinstaller:profileinstaller:1.3.0] AndroidManifest.xml:47:17-88
130-->[androidx.profileinstaller:profileinstaller:1.3.0] AndroidManifest.xml:47:25-85
131            </intent-filter>
132            <intent-filter>
132-->[androidx.profileinstaller:profileinstaller:1.3.0] AndroidManifest.xml:49:13-51:29
133                <action android:name="androidx.profileinstaller.action.BENCHMARK_OPERATION" />
133-->[androidx.profileinstaller:profileinstaller:1.3.0] AndroidManifest.xml:50:17-95
133-->[androidx.profileinstaller:profileinstaller:1.3.0] AndroidManifest.xml:50:25-92
134            </intent-filter>
135        </receiver>
136
137        <service
137-->[io.nlopez.smartlocation:library:3.3.3] AndroidManifest.xml:19:9-21:40
138            android:name="io.nlopez.smartlocation.activity.providers.ActivityGooglePlayServicesProvider$ActivityRecognitionService"
138-->[io.nlopez.smartlocation:library:3.3.3] AndroidManifest.xml:20:13-132
139            android:exported="false" />
139-->[io.nlopez.smartlocation:library:3.3.3] AndroidManifest.xml:21:13-37
140        <service
140-->[io.nlopez.smartlocation:library:3.3.3] AndroidManifest.xml:22:9-24:40
141            android:name="io.nlopez.smartlocation.geofencing.providers.GeofencingGooglePlayServicesProvider$GeofencingService"
141-->[io.nlopez.smartlocation:library:3.3.3] AndroidManifest.xml:23:13-127
142            android:exported="false" />
142-->[io.nlopez.smartlocation:library:3.3.3] AndroidManifest.xml:24:13-37
143        <service
143-->[io.nlopez.smartlocation:library:3.3.3] AndroidManifest.xml:25:9-27:40
144            android:name="io.nlopez.smartlocation.geocoding.providers.AndroidGeocodingProvider$AndroidGeocodingService"
144-->[io.nlopez.smartlocation:library:3.3.3] AndroidManifest.xml:26:13-120
145            android:exported="false" />
145-->[io.nlopez.smartlocation:library:3.3.3] AndroidManifest.xml:27:13-37
146    </application>
147
148</manifest>